#
# A fatal error has been detected by the Java Runtime Environment:
#
#  SIGSEGV (0xb) at pc=0x00000001026adc08, pid=96496, tid=20483
#
# JRE version: Java(TM) SE Runtime Environment (7.0_51-b13) (build 1.7.0_51-b13)
# Java VM: Java HotSpot(TM) 64-Bit Server VM (24.51-b03 mixed mode bsd-amd64 compressed oops)
# Problematic frame:
# V  [libjvm.dylib+0x2adc08]  java_lang_String::length(oopDesc*)+0x54
#
# Failed to write core dump. Core dumps have been disabled. To enable core dumping, try "ulimit -c unlimited" before starting Java again
#
# If you would like to submit a bug report, please visit:
#   http://bugreport.sun.com/bugreport/crash.jsp
#

---------------  T H R E A D  ---------------

Current thread (0x00007f8385009800):  JavaThread "JDWP Transport Listener: dt_socket" daemon [_thread_in_vm, id=20483, stack(0x000000014f83c000,0x000000014f93c000)]

siginfo:si_signo=SIGSEGV: si_errno=0, si_code=1 (SEGV_MAPERR), si_addr=0x000000000000000c

Registers:
RAX=0x0000000000000000, RBX=0x0000000135e82748, RCX=0x000000000000000c, RDX=0x0000000000000000
RSP=0x000000014f93ba30, RBP=0x000000014f93ba30, RSI=0x00000001023207f0, RDI=0x0000000135e82748
R8 =0x0000000000000000, R9 =0x0000000000000176, R10=0x0000000000000000, R11=0x00007f8384816f50
R12=0x00007f8385009800, R13=0x000000010232a3b0, R14=0x0000000000000000, R15=0x0000000000000000
RIP=0x00000001026adc08, EFLAGS=0x0000000000010202, ERR=0x0000000000000004
  TRAPNO=0x000000000000000e

Top of Stack: (sp=0x000000014f93ba30)
0x000000014f93ba30:   000000014f93ba60 00000001026dd3ba
0x000000014f93ba40:   0000000000000000 0000000000000000
0x000000014f93ba50:   0000000135e82748 00007f83850099e8
0x000000014f93ba60:   000000014f93bad0 0000000102704c68
0x000000014f93ba70:   00007f8385009800 00007f8385009800
0x000000014f93ba80:   0000000000000000 0000000000000000
0x000000014f93ba90:   00007f83850099e8 00007f8385009800
0x000000014f93baa0:   00007f8385009800 000000014f93bb28
0x000000014f93bab0:   00000001023207f0 000000010232a3b0
0x000000014f93bac0:   000000014f93bcb0 00007f83850099e8
0x000000014f93bad0:   000000014f93bb00 0000000102f5d52e
0x000000014f93bae0:   000000014f93bcb0 0000000102f7ddc0
0x000000014f93baf0:   000000014f93bb28 0000000102f89578
0x000000014f93bb00:   000000014f93bd20 0000000102f646b2
0x000000014f93bb10:   0000dd8300000013 00007f8384010a00
0x000000014f93bb20:   0000000102318530 000000014f93bb78
0x000000014f93bb30:   00007f830000012c 000000014f93bb40
0x000000014f93bb40:   00007f8300000000 000000014f93bb78
0x000000014f93bb50:   0000000000000000 00007f0000000000
0x000000014f93bb60:   0000dd8300000018 00007f830000c280
0x000000014f93bb70:   000000014f93bb78 0000005b01000000
0x000000014f93bb80:   1300002400000000 0000000004000000
0x000000014f93bb90:   a700000000000000 0400000000000000
0x000000014f93bba0:   00000000090c0000 a800000009000000
0x000000014f93bbb0:   1300000000000000 0000ca00a9000000
0x000000014f93bbc0:   0001020016000000 000e000000000000
0x000000014f93bbd0:   0040cf6083837f00 6922000000000000
0x000000014f93bbe0:   5b28050000003e74 0000000000562943
0x000000014f93bbf0:   0201000000010000 3c06000000400932
0x000000014f93bc00:   0000003e74696e69 56294949435b2807
0x000000014f93bc10:   0100000000000000 3809320201000000
0x000000014f93bc20:   696e693c06000000 5b28070000003e74 

Instructions: (pc=0x00000001026adc08)
0x00000001026adbe8:   eb 16 48 8d 35 cf 29 4c 00 8a 4e 08 48 d3 e2 48
0x00000001026adbf8:   03 16 eb 04 48 8b 14 0f 84 c0 0f 94 c0 0f b6 c0
0x00000001026adc08:   8b 44 82 0c 5d c3 8b 04 07 5d c3 90 55 48 89 e5
0x00000001026adc18:   f6 87 8d 00 00 00 02 75 04 31 ff eb 23 48 63 87 

Register to memory mapping:

RAX=0x0000000000000000 is an unknown value
RBX=0x0000000135e82748 is an oop
java.lang.String 
 - klass: 'java/lang/String'
RCX=0x000000000000000c is an unknown value
RDX=0x0000000000000000 is an unknown value
RSP=0x000000014f93ba30 is pointing into the stack for thread: 0x00007f8385009800
RBP=0x000000014f93ba30 is pointing into the stack for thread: 0x00007f8385009800
RSI=0x00000001023207f0 is a global jni handle
RDI=0x0000000135e82748 is an oop
java.lang.String 
 - klass: 'java/lang/String'
R8 =0x0000000000000000 is an unknown value
R9 =0x0000000000000176 is an unknown value
R10=0x0000000000000000 is an unknown value
R11=0x00007f8384816f50 is an unknown value
R12=0x00007f8385009800 is a thread
R13=0x000000010232a3b0 is an unknown value
R14=0x0000000000000000 is an unknown value
R15=0x0000000000000000 is an unknown value


Stack: [0x000000014f83c000,0x000000014f93c000],  sp=0x000000014f93ba30,  free space=1022k
Native frames: (J=compiled Java code, j=interpreted, Vv=VM code, C=native code)
V  [libjvm.dylib+0x2adc08]  java_lang_String::length(oopDesc*)+0x54
V  [libjvm.dylib+0x2dd3ba]  java_lang_String::utf8_length(oopDesc*)+0x38
V  [libjvm.dylib+0x304c68]  jni_GetStringUTFChars+0x71
C  [libjdwp.dylib+0x752e]  value+0x96
C  [libjdwp.dylib+0xe6b2]  debugLoop_run+0x1ce
C  [libjdwp.dylib+0x1f132]  attachThread+0x4d
V  [libjvm.dylib+0x373f9e]  JvmtiAgentThread::call_start_function()+0x38
V  [libjvm.dylib+0x4efb57]  JavaThread::thread_main_inner()+0x9b
V  [libjvm.dylib+0x4f125f]  JavaThread::run()+0x1a3
V  [libjvm.dylib+0x41b1d6]  _ZL10java_startP6Thread+0x126
C  [libsystem_c.dylib+0x4e8bf]  _pthread_start+0x14f
C  [libsystem_c.dylib+0x51b75]  thread_start+0xd


---------------  P R O C E S S  ---------------

Java Threads: ( => current thread )
  0x00007f8385819800 JavaThread "Service Thread" daemon [_thread_blocked, id=23043, stack(0x000000014fd4b000,0x000000014fe4b000)]
  0x00007f8385818800 JavaThread "C2 CompilerThread1" daemon [_thread_blocked, id=22531, stack(0x000000014fc48000,0x000000014fd48000)]
  0x00007f838384a000 JavaThread "C2 CompilerThread0" daemon [_thread_blocked, id=22019, stack(0x000000014fb45000,0x000000014fc45000)]
  0x00007f8385818000 JavaThread "JDWP Command Reader" daemon [_thread_in_native, id=21507, stack(0x000000014fa42000,0x000000014fb42000)]
  0x00007f8383849800 JavaThread "JDWP Event Helper Thread" daemon [_thread_blocked, id=20995, stack(0x000000014f93f000,0x000000014fa3f000)]
=>0x00007f8385009800 JavaThread "JDWP Transport Listener: dt_socket" daemon [_thread_in_vm, id=20483, stack(0x000000014f83c000,0x000000014f93c000)]
  0x00007f838403b800 JavaThread "Signal Dispatcher" daemon [_thread_blocked, id=19971, stack(0x000000014f733000,0x000000014f833000)]
  0x00007f8384039000 JavaThread "Finalizer" daemon [_thread_blocked, id=15875, stack(0x000000014f42b000,0x000000014f52b000)]
  0x00007f8384036000 JavaThread "Reference Handler" daemon [_thread_blocked, id=15363, stack(0x000000014f328000,0x000000014f428000)]
  0x00007f8385000000 JavaThread "main" [_thread_blocked, id=7427, stack(0x0000000102e54000,0x0000000102f54000)]

Other Threads:
  0x00007f8385806800 VMThread [stack: 0x000000014f225000,0x000000014f325000] [id=14851]
  0x00007f8385808000 WatcherThread [stack: 0x000000014fe4e000,0x000000014ff4e000] [id=23555]

VM state:not at safepoint (normal execution)

VM Mutex/Monitor currently owned by a thread: None

Heap
 PSYoungGen      total 19456K, used 1352K [0x0000000135d80000, 0x0000000137300000, 0x000000014b300000)
  eden space 16896K, 8% used [0x0000000135d80000,0x0000000135ed2138,0x0000000136e00000)
  from space 2560K, 0% used [0x0000000137080000,0x0000000137080000,0x0000000137300000)
  to   space 2560K, 0% used [0x0000000136e00000,0x0000000136e00000,0x0000000137080000)
 ParOldGen       total 43520K, used 0K [0x000000010b300000, 0x000000010dd80000, 0x0000000135d80000)
  object space 43520K, 0% used [0x000000010b300000,0x000000010b300000,0x000000010dd80000)
 PSPermGen       total 21504K, used 2598K [0x0000000106100000, 0x0000000107600000, 0x000000010b300000)
  object space 21504K, 12% used [0x0000000106100000,0x0000000106389988,0x0000000107600000)

Card table byte_map: [0x000000014b300000,0x000000014b52a000] byte_map_base: 0x000000014aacf800

Polling page: 0x00000001022fb000

Code Cache  [0x0000000102fa5000, 0x0000000103215000, 0x0000000105fa5000)
 total_blobs=174 nmethods=2 adapters=135 free_code_cache=48771Kb largest_free_block=49920256

Compilation events (4 events):
Event: 0.239 Thread 0x00007f838384a000    1             java.lang.String::hashCode (55 bytes)
Event: 0.245 Thread 0x00007f8385818800    2             java.lang.String::indexOf (70 bytes)
Event: 0.249 Thread 0x00007f838384a000 nmethod 1 0x0000000103004990 code [0x0000000103004ae0, 0x0000000103004c98]
Event: 0.249 Thread 0x00007f8385818800 nmethod 2 0x0000000103004550 code [0x00000001030046a0, 0x0000000103004888]

GC Heap History (0 events):
No events

Deoptimization events (0 events):
No events

Internal exceptions (10 events):
Event: 0.249 Thread 0x00007f8385000000 Threw 0x0000000135e68718 at /HUDSON/workspace/7u-2-build-macosx-x86_64/jdk7u51/527/hotspot/src/share/vm/prims/jni.cpp:717
Event: 0.249 Thread 0x00007f8385000000 Threw 0x0000000135e68838 at /HUDSON/workspace/7u-2-build-macosx-x86_64/jdk7u51/527/hotspot/src/share/vm/prims/jvm.cpp:1244
Event: 0.249 Thread 0x00007f8385000000 Threw 0x0000000135e68960 at /HUDSON/workspace/7u-2-build-macosx-x86_64/jdk7u51/527/hotspot/src/share/vm/prims/jvm.cpp:1244
Event: 0.250 Thread 0x00007f8385000000 Threw 0x0000000135e69620 at /HUDSON/workspace/7u-2-build-macosx-x86_64/jdk7u51/527/hotspot/src/share/vm/prims/jni.cpp:717
Event: 0.250 Thread 0x00007f8385000000 Threw 0x0000000135e69740 at /HUDSON/workspace/7u-2-build-macosx-x86_64/jdk7u51/527/hotspot/src/share/vm/prims/jvm.cpp:1244
Event: 0.250 Thread 0x00007f8385000000 Threw 0x0000000135e69868 at /HUDSON/workspace/7u-2-build-macosx-x86_64/jdk7u51/527/hotspot/src/share/vm/prims/jvm.cpp:1244
Event: 0.252 Thread 0x00007f8385000000 Threw 0x0000000135e7c1e8 at /HUDSON/workspace/7u-2-build-macosx-x86_64/jdk7u51/527/hotspot/src/share/vm/prims/jni.cpp:717
Event: 0.252 Thread 0x00007f8385000000 Threw 0x0000000135e7c308 at /HUDSON/workspace/7u-2-build-macosx-x86_64/jdk7u51/527/hotspot/src/share/vm/prims/jvm.cpp:1244
Event: 0.252 Thread 0x00007f8385000000 Threw 0x0000000135e7c430 at /HUDSON/workspace/7u-2-build-macosx-x86_64/jdk7u51/527/hotspot/src/share/vm/prims/jvm.cpp:1244
Event: 0.252 Thread 0x00007f8385000000 Threw 0x0000000135e7c680 at /HUDSON/workspace/7u-2-build-macosx-x86_64/jdk7u51/527/hotspot/src/share/vm/prims/jvm.cpp:1244

Events (10 events):
Event: 19.382 Executing VM operation: GetCurrentLocation
Event: 19.382 Executing VM operation: GetCurrentLocation done
Event: 19.382 Executing VM operation: ChangeSingleStep
Event: 19.382 Executing VM operation: ChangeSingleStep done
Event: 19.382 Executing VM operation: ChangeSingleStep
Event: 19.382 Executing VM operation: ChangeSingleStep done
Event: 19.559 Executing VM operation: GetOrSetLocal
Event: 19.559 Executing VM operation: GetOrSetLocal done
Event: 20.670 Executing VM operation: GetOrSetLocal
Event: 20.670 Executing VM operation: GetOrSetLocal done


Dynamic libraries:
0x000000000080a000 	/System/Library/Frameworks/Cocoa.framework/Versions/A/Cocoa
0x000000000080a000 	/System/Library/Frameworks/Security.framework/Versions/A/Security
0x000000000080a000 	/System/Library/Frameworks/ApplicationServices.framework/Versions/A/ApplicationServices
0x000000000080a000 	/usr/lib/libz.1.dylib
0x000000000080a000 	/usr/lib/libSystem.B.dylib
0x000000000080a000 	/usr/lib/libobjc.A.dylib
0x000000000080a000 	/System/Library/Frameworks/CoreFoundation.framework/Versions/A/CoreFoundation
0x000000000080a000 	/System/Library/Frameworks/Foundation.framework/Versions/C/Foundation
0x000000000080a000 	/System/Library/Frameworks/AppKit.framework/Versions/C/AppKit
0x000000000080a000 	/System/Library/Frameworks/CoreData.framework/Versions/A/CoreData
0x000000000080a000 	/System/Library/PrivateFrameworks/RemoteViewServices.framework/Versions/A/RemoteViewServices
0x000000000080a000 	/System/Library/Frameworks/AudioToolbox.framework/Versions/A/AudioToolbox
0x000000000080a000 	/System/Library/Frameworks/AudioUnit.framework/Versions/A/AudioUnit
0x000000000080a000 	/System/Library/PrivateFrameworks/DataDetectorsCore.framework/Versions/A/DataDetectorsCore
0x000000000080a000 	/System/Library/PrivateFrameworks/DesktopServicesPriv.framework/Versions/A/DesktopServicesPriv
0x000000000080a000 	/System/Library/Frameworks/Carbon.framework/Versions/A/Frameworks/HIToolbox.framework/Versions/A/HIToolbox
0x000000000080a000 	/System/Library/Frameworks/QuartzCore.framework/Versions/A/QuartzCore
0x000000000080a000 	/System/Library/Frameworks/Carbon.framework/Versions/A/Frameworks/SpeechRecognition.framework/Versions/A/SpeechRecognition
0x000000000080a000 	/usr/lib/libauto.dylib
0x000000000080a000 	/usr/lib/libicucore.A.dylib
0x000000000080a000 	/usr/lib/libxml2.2.dylib
0x000000000080a000 	/System/Library/PrivateFrameworks/CoreUI.framework/Versions/A/CoreUI
0x000000000080a000 	/System/Library/Frameworks/CoreAudio.framework/Versions/A/CoreAudio
0x000000000080a000 	/System/Library/Frameworks/DiskArbitration.framework/Versions/A/DiskArbitration
0x000000000080a000 	/usr/lib/liblangid.dylib
0x000000000080a000 	/System/Library/PrivateFrameworks/MultitouchSupport.framework/Versions/A/MultitouchSupport
0x000000000080a000 	/System/Library/Frameworks/IOKit.framework/Versions/A/IOKit
0x000000000080a000 	/usr/lib/libDiagnosticMessagesClient.dylib
0x000000000080a000 	/System/Library/Frameworks/CoreServices.framework/Versions/A/CoreServices
0x000000000080a000 	/System/Library/PrivateFrameworks/PerformanceAnalysis.framework/Versions/A/PerformanceAnalysis
0x000000000080a000 	/System/Library/PrivateFrameworks/GenerationalStorage.framework/Versions/A/GenerationalStorage
0x000000000080a000 	/System/Library/Frameworks/OpenGL.framework/Versions/A/OpenGL
0x000000000080a000 	/System/Library/Frameworks/CoreServices.framework/Versions/A/Frameworks/CFNetwork.framework/Versions/A/CFNetwork
0x000000000080a000 	/System/Library/Frameworks/SystemConfiguration.framework/Versions/A/SystemConfiguration
0x000000000080a000 	/usr/lib/libCRFSuite.dylib
0x000000000080a000 	/usr/lib/libc++.1.dylib
0x000000000080a000 	/usr/lib/libstdc++.6.dylib
0x000000000080a000 	/usr/lib/libc++abi.dylib
0x000000000080a000 	/usr/lib/system/libcache.dylib
0x000000000080a000 	/usr/lib/system/libcommonCrypto.dylib
0x000000000080a000 	/usr/lib/system/libcompiler_rt.dylib
0x000000000080a000 	/usr/lib/system/libcopyfile.dylib
0x000000000080a000 	/usr/lib/system/libdispatch.dylib
0x000000000080a000 	/usr/lib/system/libdnsinfo.dylib
0x000000000080a000 	/usr/lib/system/libdyld.dylib
0x000000000080a000 	/usr/lib/system/libkeymgr.dylib
0x000000000080a000 	/usr/lib/system/liblaunch.dylib
0x000000000080a000 	/usr/lib/system/libmacho.dylib
0x000000000080a000 	/usr/lib/system/libmathCommon.A.dylib
0x000000000080a000 	/usr/lib/system/libquarantine.dylib
0x000000000080a000 	/usr/lib/system/libremovefile.dylib
0x000000000080a000 	/usr/lib/system/libsystem_blocks.dylib
0x000000000080a000 	/usr/lib/system/libsystem_c.dylib
0x000000000080a000 	/usr/lib/system/libsystem_dnssd.dylib
0x000000000080a000 	/usr/lib/system/libsystem_info.dylib
0x000000000080a000 	/usr/lib/system/libsystem_kernel.dylib
0x000000000080a000 	/usr/lib/system/libsystem_network.dylib
0x000000000080a000 	/usr/lib/system/libsystem_notify.dylib
0x000000000080a000 	/usr/lib/system/libsystem_sandbox.dylib
0x000000000080a000 	/usr/lib/system/libunc.dylib
0x000000000080a000 	/usr/lib/system/libunwind.dylib
0x000000000080a000 	/usr/lib/system/libxpc.dylib
0x000000000080a000 	/usr/lib/libbsm.0.dylib
0x000000000080a000 	/usr/lib/libsqlite3.dylib
0x000000000080a000 	/usr/lib/libOpenScriptingUtil.dylib
0x000000000080a000 	/usr/lib/libpam.2.dylib
0x000000000080a000 	/usr/lib/libxar-nossl.dylib
0x000000000080a000 	/usr/lib/libbz2.1.0.dylib
0x000000000080a000 	/System/Library/Frameworks/CoreServices.framework/Versions/A/Frameworks/CarbonCore.framework/Versions/A/CarbonCore
0x000000000080a000 	/System/Library/Frameworks/CoreServices.framework/Versions/A/Frameworks/Metadata.framework/Versions/A/Metadata
0x000000000080a000 	/System/Library/Frameworks/CoreServices.framework/Versions/A/Frameworks/OSServices.framework/Versions/A/OSServices
0x000000000080a000 	/System/Library/Frameworks/CoreServices.framework/Versions/A/Frameworks/SearchKit.framework/Versions/A/SearchKit
0x000000000080a000 	/System/Library/Frameworks/CoreServices.framework/Versions/A/Frameworks/AE.framework/Versions/A/AE
0x000000000080a000 	/System/Library/Frameworks/CoreServices.framework/Versions/A/Frameworks/LaunchServices.framework/Versions/A/LaunchServices
0x000000000080a000 	/System/Library/Frameworks/CoreServices.framework/Versions/A/Frameworks/DictionaryServices.framework/Versions/A/DictionaryServices
0x000000000080a000 	/System/Library/Frameworks/NetFS.framework/Versions/A/NetFS
0x000000000080a000 	/usr/lib/system/libkxld.dylib
0x000000000080a000 	/System/Library/PrivateFrameworks/NetAuth.framework/Versions/A/NetAuth
0x000000000080a000 	/usr/lib/libcrypto.0.9.8.dylib
0x000000000080a000 	/System/Library/PrivateFrameworks/TrustEvaluationAgent.framework/Versions/A/TrustEvaluationAgent
0x000000000080a000 	/System/Library/Frameworks/OpenDirectory.framework/Versions/A/Frameworks/CFOpenDirectory.framework/Versions/A/CFOpenDirectory
0x000000000080a000 	/usr/lib/libxslt.1.dylib
0x000000000080a000 	/System/Library/PrivateFrameworks/FamilyControls.framework/Versions/A/FamilyControls
0x000000000080a000 	/System/Library/Frameworks/Carbon.framework/Versions/A/Frameworks/Ink.framework/Versions/A/Ink
0x000000000080a000 	/System/Library/Frameworks/ApplicationServices.framework/Versions/A/Frameworks/CoreGraphics.framework/Versions/A/CoreGraphics
0x000000000080a000 	/System/Library/Frameworks/ApplicationServices.framework/Versions/A/Frameworks/ImageIO.framework/Versions/A/ImageIO
0x000000000080a000 	/System/Library/Frameworks/ApplicationServices.framework/Versions/A/Frameworks/CoreText.framework/Versions/A/CoreText
0x000000000080a000 	/System/Library/Frameworks/ApplicationServices.framework/Versions/A/Frameworks/ATS.framework/Versions/A/ATS
0x000000000080a000 	/System/Library/Frameworks/ApplicationServices.framework/Versions/A/Frameworks/ColorSync.framework/Versions/A/ColorSync
0x000000000080a000 	/System/Library/Frameworks/ApplicationServices.framework/Versions/A/Frameworks/HIServices.framework/Versions/A/HIServices
0x000000000080a000 	/System/Library/Frameworks/ApplicationServices.framework/Versions/A/Frameworks/LangAnalysis.framework/Versions/A/LangAnalysis
0x000000000080a000 	/System/Library/Frameworks/ApplicationServices.framework/Versions/A/Frameworks/PrintCore.framework/Versions/A/PrintCore
0x000000000080a000 	/System/Library/Frameworks/ApplicationServices.framework/Versions/A/Frameworks/QD.framework/Versions/A/QD
0x000000000080a000 	/System/Library/Frameworks/ApplicationServices.framework/Versions/A/Frameworks/SpeechSynthesis.framework/Versions/A/SpeechSynthesis
0x000000000080a000 	/System/Library/Frameworks/IOSurface.framework/Versions/A/IOSurface
0x000000000080a000 	/System/Library/Frameworks/Accelerate.framework/Versions/A/Accelerate
0x000000000080a000 	/System/Library/Frameworks/ApplicationServices.framework/Versions/A/Frameworks/ImageIO.framework/Versions/A/Resources/libJPEG.dylib
0x000000000080a000 	/System/Library/Frameworks/ApplicationServices.framework/Versions/A/Frameworks/ImageIO.framework/Versions/A/Resources/libTIFF.dylib
0x000000000080a000 	/System/Library/Frameworks/ApplicationServices.framework/Versions/A/Frameworks/ImageIO.framework/Versions/A/Resources/libPng.dylib
0x000000000080a000 	/System/Library/Frameworks/ApplicationServices.framework/Versions/A/Frameworks/ImageIO.framework/Versions/A/Resources/libGIF.dylib
0x000000000080a000 	/System/Library/Frameworks/ApplicationServices.framework/Versions/A/Frameworks/ImageIO.framework/Versions/A/Resources/libJP2.dylib
0x000000000080a000 	/System/Library/Frameworks/ApplicationServices.framework/Versions/A/Frameworks/ImageIO.framework/Versions/A/Resources/libRadiance.dylib
0x000000000080a000 	/System/Library/Frameworks/Accelerate.framework/Versions/A/Frameworks/vImage.framework/Versions/A/vImage
0x000000000080a000 	/System/Library/Frameworks/Accelerate.framework/Versions/A/Frameworks/vecLib.framework/Versions/A/vecLib
0x000000000080a000 	/System/Library/Frameworks/Accelerate.framework/Versions/A/Frameworks/vecLib.framework/Versions/A/libvDSP.dylib
0x000000000080a000 	/System/Library/Frameworks/Accelerate.framework/Versions/A/Frameworks/vecLib.framework/Versions/A/libvMisc.dylib
0x000000000080a000 	/System/Library/Frameworks/Accelerate.framework/Versions/A/Frameworks/vecLib.framework/Versions/A/libLAPACK.dylib
0x000000000080a000 	/System/Library/Frameworks/Accelerate.framework/Versions/A/Frameworks/vecLib.framework/Versions/A/libBLAS.dylib
0x000000000080a000 	/System/Library/Frameworks/ApplicationServices.framework/Versions/A/Frameworks/ATS.framework/Versions/A/Resources/libFontParser.dylib
0x000000000080a000 	/System/Library/Frameworks/ApplicationServices.framework/Versions/A/Frameworks/ATS.framework/Versions/A/Resources/libFontRegistry.dylib
0x000000000080a000 	/usr/lib/libcups.2.dylib
0x000000000080a000 	/System/Library/Frameworks/Kerberos.framework/Versions/A/Kerberos
0x000000000080a000 	/System/Library/Frameworks/GSS.framework/Versions/A/GSS
0x000000000080a000 	/usr/lib/libresolv.9.dylib
0x000000000080a000 	/usr/lib/libiconv.2.dylib
0x000000000080a000 	/System/Library/PrivateFrameworks/Heimdal.framework/Versions/A/Heimdal
0x000000000080a000 	/System/Library/Frameworks/OpenDirectory.framework/Versions/A/OpenDirectory
0x000000000080a000 	/System/Library/PrivateFrameworks/CommonAuth.framework/Versions/A/CommonAuth
0x000000000080a000 	/System/Library/Frameworks/CoreVideo.framework/Versions/A/CoreVideo
0x000000000080a000 	/System/Library/Frameworks/QuartzCore.framework/Versions/A/Frameworks/CoreImage.framework/Versions/A/CoreImage
0x000000000080a000 	/System/Library/Frameworks/QuartzCore.framework/Versions/A/Frameworks/ScalableUserInterface.framework/Versions/A/ScalableUserInterface
0x000000000080a000 	/System/Library/Frameworks/OpenGL.framework/Versions/A/Libraries/libGLU.dylib
0x000000000080a000 	/System/Library/Frameworks/OpenGL.framework/Versions/A/Libraries/libGFXShared.dylib
0x000000000080a000 	/System/Library/Frameworks/OpenGL.framework/Versions/A/Libraries/libGL.dylib
0x000000000080a000 	/System/Library/Frameworks/OpenGL.framework/Versions/A/Libraries/libGLImage.dylib
0x000000000080a000 	/System/Library/Frameworks/OpenGL.framework/Versions/A/Libraries/libCVMSPluginSupport.dylib
0x000000000080a000 	/System/Library/Frameworks/OpenGL.framework/Versions/A/Libraries/libCoreVMClient.dylib
0x000000000080a000 	/System/Library/Frameworks/OpenCL.framework/Versions/A/OpenCL
0x000000000080a000 	/System/Library/PrivateFrameworks/FaceCoreLight.framework/Versions/A/FaceCoreLight
0x000000000080a000 	/System/Library/Frameworks/vecLib.framework/Versions/A/vecLib
0x000000000080a000 	/System/Library/Frameworks/SecurityFoundation.framework/Versions/A/SecurityFoundation
0x000000000080a000 	/System/Library/PrivateFrameworks/CommerceKit.framework/Versions/A/Frameworks/CommerceCore.framework/Versions/A/CommerceCore
0x000000000080a000 	/System/Library/PrivateFrameworks/CoreSymbolication.framework/Versions/A/CoreSymbolication
0x000000000080a000 	/System/Library/PrivateFrameworks/Symbolication.framework/Versions/A/Symbolication
0x000000000080a000 	/System/Library/PrivateFrameworks/DebugSymbols.framework/Versions/A/DebugSymbols
0x0000000102400000 	/Library/Java/JavaVirtualMachines/jdk1.7.0_51.jdk/Contents/Home/jre/lib/server/libjvm.dylib
0x00000001022be000 	/Library/Java/JavaVirtualMachines/jdk1.7.0_51.jdk/Contents/Home/jre/lib/libverify.dylib
0x00000001022cb000 	/Library/Java/JavaVirtualMachines/jdk1.7.0_51.jdk/Contents/Home/jre/lib/libjava.dylib
0x0000000102f56000 	/Library/Java/JavaVirtualMachines/jdk1.7.0_51.jdk/Contents/Home/jre/lib/libjdwp.dylib
0x00000001022fc000 	/Library/Java/JavaVirtualMachines/jdk1.7.0_51.jdk/Contents/Home/jre/lib/libnpt.dylib
0x0000000102f9c000 	/Library/Java/JavaVirtualMachines/jdk1.7.0_51.jdk/Contents/Home/jre/lib/libzip.dylib
0x000000014f52d000 	/System/Library/Frameworks/JavaVM.framework/Frameworks/JavaRuntimeSupport.framework/JavaRuntimeSupport
0x000000014f545000 	/System/Library/Frameworks/JavaVM.framework/Versions/A/Frameworks/JavaNativeFoundation.framework/Versions/A/JavaNativeFoundation
0x000000014f55a000 	/System/Library/Frameworks/JavaVM.framework/Versions/A/JavaVM
0x000000000080a000 	/System/Library/Frameworks/Carbon.framework/Versions/A/Carbon
0x000000014f567000 	/System/Library/PrivateFrameworks/JavaLaunching.framework/Versions/A/JavaLaunching
0x000000000080a000 	/System/Library/Frameworks/Carbon.framework/Versions/A/Frameworks/CommonPanels.framework/Versions/A/CommonPanels
0x000000000080a000 	/System/Library/Frameworks/Carbon.framework/Versions/A/Frameworks/Help.framework/Versions/A/Help
0x000000000080a000 	/System/Library/Frameworks/Carbon.framework/Versions/A/Frameworks/ImageCapture.framework/Versions/A/ImageCapture
0x000000000080a000 	/System/Library/Frameworks/Carbon.framework/Versions/A/Frameworks/OpenScripting.framework/Versions/A/OpenScripting
0x000000000080a000 	/System/Library/Frameworks/Carbon.framework/Versions/A/Frameworks/Print.framework/Versions/A/Print
0x000000000080a000 	/System/Library/Frameworks/Carbon.framework/Versions/A/Frameworks/SecurityHI.framework/Versions/A/SecurityHI
0x000000014f835000 	/Library/Java/JavaVirtualMachines/jdk1.7.0_51.jdk/Contents/Home/jre/lib/libdt_socket.dylib

VM Arguments:
jvm_args: -agentlib:jdwp=transport=dt_socket,suspend=y,address=localhost:60909 -Dfile.encoding=US-ASCII 
java_command: WordLadder
Launcher Type: SUN_STANDARD

Environment Variables:
PATH=/usr/bin:/bin:/usr/sbin:/sbin:/usr/local/bin:/usr/X11/bin:/opt/local/bin:/usr/local/git/bin
SHELL=/bin/bash
DISPLAY=/tmp/launch-2VYz48/org.x:0

Signal Handlers:
SIGSEGV: [libjvm.dylib+0x525425], sa_mask[0]=0xfffefeff, sa_flags=0x00000043
SIGBUS: [libjvm.dylib+0x525425], sa_mask[0]=0xfffefeff, sa_flags=0x00000042
SIGFPE: [libjvm.dylib+0x41892a], sa_mask[0]=0xfffefeff, sa_flags=0x00000042
SIGPIPE: [libjvm.dylib+0x41892a], sa_mask[0]=0xfffefeff, sa_flags=0x00000042
SIGXFSZ: [libjvm.dylib+0x41892a], sa_mask[0]=0xfffefeff, sa_flags=0x00000042
SIGILL: [libjvm.dylib+0x41892a], sa_mask[0]=0xfffefeff, sa_flags=0x00000042
SIGUSR1: SIG_DFL, sa_mask[0]=0x00000000, sa_flags=0x00000002
SIGUSR2: [libjvm.dylib+0x41841c], sa_mask[0]=0x00000004, sa_flags=0x00000042
SIGHUP: [libjvm.dylib+0x4166ab], sa_mask[0]=0xfffefeff, sa_flags=0x00000042
SIGINT: [libjvm.dylib+0x4166ab], sa_mask[0]=0xfffefeff, sa_flags=0x00000042
SIGTERM: [libjvm.dylib+0x4166ab], sa_mask[0]=0xfffefeff, sa_flags=0x00000042
SIGQUIT: [libjvm.dylib+0x4166ab], sa_mask[0]=0xfffefeff, sa_flags=0x00000042


---------------  S Y S T E M  ---------------

OS:Bsduname:Darwin 11.4.2 Darwin Kernel Version 11.4.2: Thu Aug 23 16:25:48 PDT 2012; root:xnu-1699.32.7~1/RELEASE_X86_64 x86_64
rlimit: STACK 8192k, CORE 0k, NPROC 709, NOFILE 10240, AS infinity
load average:0.75 0.62 0.52

CPU:total 4 (2 cores per cpu, 2 threads per core) family 6 model 42 stepping 7, cmov, cx8, fxsr, mmx, sse, sse2, sse3, ssse3, sse4.1, sse4.2, popcnt, avx, aes, ht, tsc, tscinvbit

Memory: 4k page, physical 4194304k(1048576k free)

/proc/meminfo:


vm_info: Java HotSpot(TM) 64-Bit Server VM (24.51-b03) for bsd-amd64 JRE (1.7.0_51-b13), built on Dec 18 2013 18:45:56 by "java_re" with gcc 4.2.1 (Based on Apple Inc. build 5658) (LLVM build 2336.11.00)

time: Mon Apr 21 00:27:43 2014
elapsed time: 20 seconds

